[debug] [2017-12-11T08:21:13.296Z] ----------------------------------------------------------------------
[debug] [2017-12-11T08:21:13.299Z] Command:       /usr/local/Cellar/node/8.7.0/bin/node /usr/local/bin/firebase deploy
[debug] [2017-12-11T08:21:13.300Z] CLI Version:   3.14.0
[debug] [2017-12-11T08:21:13.300Z] Platform:      darwin
[debug] [2017-12-11T08:21:13.300Z] Node Version:  v8.7.0
[debug] [2017-12-11T08:21:13.301Z] Time:          Mon Dec 11 2017 09:21:13 GMT+0100 (WAT)
[debug] [2017-12-11T08:21:13.301Z] ----------------------------------------------------------------------
[debug] 
[debug] [2017-12-11T08:21:13.334Z] > command requires scopes: ["email","openid","https://www.googleapis.com/auth/cloudplatformprojects.readonly","https://www.googleapis.com/auth/firebase","https://www.googleapis.com/auth/cloud-platform"]
[debug] [2017-12-11T08:21:13.334Z] > authorizing via signed-in user
[debug] [2017-12-11T08:21:13.341Z] > refreshing access token with scopes: ["email","https://www.googleapis.com/auth/cloud-platform","https://www.googleapis.com/auth/cloudplatformprojects.readonly","https://www.googleapis.com/auth/firebase","openid"]
[debug] [2017-12-11T08:21:13.342Z] >>> HTTP REQUEST POST https://www.googleapis.com/oauth2/v3/token { refresh_token: '1/z4AcwqCnsVBP2zjrFbkPK-iHm6_r1ZojJ6fA2UQwp9U',
  client_id: '563584335869-fgrhgmd47bqnekij5i8b5pr03ho849e6.apps.googleusercontent.com',
  client_secret: 'j9iVZfS8kkCEFUPaAeJV0sAi',
  grant_type: 'refresh_token',
  scope: 'email https://www.googleapis.com/auth/cloud-platform https://www.googleapis.com/auth/cloudplatformprojects.readonly https://www.googleapis.com/auth/firebase openid' } 
 Mon Dec 11 2017 09:21:13 GMT+0100 (WAT)
[debug] [2017-12-11T08:21:13.989Z] <<< HTTP RESPONSE 200
[debug] [2017-12-11T08:21:14.021Z] >>> HTTP REQUEST GET https://admin.firebase.com/v1/projects/specdios  
 Mon Dec 11 2017 09:21:14 GMT+0100 (WAT)
[debug] [2017-12-11T08:21:15.090Z] <<< HTTP RESPONSE 200
[debug] [2017-12-11T08:21:15.091Z] >>> HTTP REQUEST GET https://admin.firebase.com/v1/database/specdios/tokens  
 Mon Dec 11 2017 09:21:15 GMT+0100 (WAT)
[debug] [2017-12-11T08:21:16.083Z] <<< HTTP RESPONSE 200
[info] 1
[info] 
[info] === Deploying to 'specdios'...
[info] 
[info] i  deploying hosting
[info] i  hosting: preparing build directory for upload...
[debug] [2017-12-11T08:21:19.888Z] >>> HTTP REQUEST PUT https://deploy.firebase.com/v1/hosting/specdios/uploads/-L03eUJO-nvBUmdVWWY5?fileCount=35&message=  
 Mon Dec 11 2017 09:21:19 GMT+0100 (WAT)
[debug] [2017-12-11T08:21:50.978Z] <<< HTTP RESPONSE 200
[debug] [2017-12-11T08:21:50.986Z] [hosting] .tgz uploaded successfully, waiting for extraction
[info] ✔  hosting: 35 files uploaded successfully
[debug] [2017-12-11T08:21:51.795Z] >>> HTTP REQUEST POST https://deploy.firebase.com/v1/projects/specdios/releases { hosting: 
   { public: 'build',
     rewrites: [ [Object] ],
     version: '-L03eUJO-nvBUmdVWWY5',
     prefix: '-L03eUJO-nvBUmdVWWY5/',
     manifest: [] } } 
 Mon Dec 11 2017 09:21:51 GMT+0100 (WAT)
